# JRE version: OpenJDK Runtime Environment JBR-17.0.6+10-829.9-jcef (17.0.6+10) (build 17.0.6+10-b829.9)
# Java VM: OpenJDK 64-Bit Server VM JBR-17.0.6+10-829.9-jcef (17.0.6+10-b829.9, mixed mode, tiered, compressed oops, compressed class ptrs, g1 gc, windows-amd64)
GC Precious Log:
 CPUs: 8 total, 8 available
 Memory: 32464M
 Large Page Support: Disabled
 NUMA Support: Disabled
 Compressed Oops: Enabled (Zero based)
 Heap Region Size: 4M
 Heap Min Capacity: 8M
 Heap Initial Capacity: 508M
 Heap Max Capacity: 8120M
 Pre-touch: Disabled
 Parallel Workers: 8
 Concurrent Workers: 2
 Concurrent Refinement Workers: 8
 Periodic GC: Disabled
Heap:
 garbage-first heap   total 290816K, used 111854K [0x0000000604800000, 0x0000000800000000)
  region size 4096K, 17 young (69632K), 6 survivors (24576K)
 Metaspace       used 59278K, committed 59584K, reserved 1105920K
  class space    used 6609K, committed 6720K, reserved 1048576K
GC Heap History (20 events):
Event: 0.495 GC heap before
{Heap before GC invocations=0 (full 0):
 garbage-first heap   total 520192K, used 20480K [0x0000000604800000, 0x0000000800000000)
  region size 4096K, 6 young (24576K), 0 survivors (0K)
 Metaspace       used 15587K, committed 15680K, reserved 1064960K
  class space    used 1436K, committed 1472K, reserved 1048576K
}
Event: 0.498 GC heap after
{Heap after GC invocations=1 (full 0):
 garbage-first heap   total 520192K, used 4940K [0x0000000604800000, 0x0000000800000000)
  region size 4096K, 1 young (4096K), 1 survivors (4096K)
 Metaspace       used 15587K, committed 15680K, reserved 1064960K
  class space    used 1436K, committed 1472K, reserved 1048576K
}
Event: 0.795 GC heap before
{Heap before GC invocations=1 (full 0):
 garbage-first heap   total 520192K, used 13132K [0x0000000604800000, 0x0000000800000000)
  region size 4096K, 4 young (16384K), 1 survivors (4096K)
 Metaspace       used 21349K, committed 21504K, reserved 1073152K
  class space    used 2139K, committed 2240K, reserved 1048576K
}
Event: 0.798 GC heap after
{Heap after GC invocations=2 (full 0):
 garbage-first heap   total 520192K, used 6659K [0x0000000604800000, 0x0000000800000000)
  region size 4096K, 1 young (4096K), 1 survivors (4096K)
 Metaspace       used 21349K, committed 21504K, reserved 1073152K
  class space    used 2139K, committed 2240K, reserved 1048576K
}
Event: 1.180 GC heap before
{Heap before GC invocations=3 (full 0):
 garbage-first heap   total 57344K, used 31235K [0x0000000604800000, 0x0000000800000000)
  region size 4096K, 8 young (32768K), 1 survivors (4096K)
 Metaspace       used 28126K, committed 28416K, reserved 1081344K
  class space    used 2917K, committed 3072K, reserved 1048576K
}
Event: 1.182 GC heap after
{Heap after GC invocations=4 (full 0):
 garbage-first heap   total 57344K, used 7995K [0x0000000604800000, 0x0000000800000000)
  region size 4096K, 1 young (4096K), 1 survivors (4096K)
 Metaspace       used 28126K, committed 28416K, reserved 1081344K
  class space    used 2917K, committed 3072K, reserved 1048576K
}
Event: 1.190 GC heap before
{Heap before GC invocations=4 (full 0):
 garbage-first heap   total 57344K, used 12091K [0x0000000604800000, 0x0000000800000000)
  region size 4096K, 2 young (8192K), 1 survivors (4096K)
 Metaspace       used 28152K, committed 28416K, reserved 1081344K
  class space    used 2917K, committed 3072K, reserved 1048576K
}
Event: 1.192 GC heap after
{Heap after GC invocations=5 (full 0):
 garbage-first heap   total 57344K, used 8105K [0x0000000604800000, 0x0000000800000000)
  region size 4096K, 1 young (4096K), 1 survivors (4096K)
 Metaspace       used 28152K, committed 28416K, reserved 1081344K
  class space    used 2917K, committed 3072K, reserved 1048576K
}
Event: 1.338 GC heap before
{Heap before GC invocations=5 (full 0):
 garbage-first heap   total 57344K, used 24489K [0x0000000604800000, 0x0000000800000000)
  region size 4096K, 6 young (24576K), 1 survivors (4096K)
 Metaspace       used 31854K, committed 32128K, reserved 1081344K
  class space    used 3308K, committed 3456K, reserved 1048576K
}
Event: 1.340 GC heap after
{Heap after GC invocations=6 (full 0):
 garbage-first heap   total 57344K, used 8796K [0x0000000604800000, 0x0000000800000000)
  region size 4096K, 1 young (4096K), 1 survivors (4096K)
 Metaspace       used 31854K, committed 32128K, reserved 1081344K
  class space    used 3308K, committed 3456K, reserved 1048576K
}
Event: 1.443 GC heap before
{Heap before GC invocations=6 (full 0):
 garbage-first heap   total 57344K, used 16988K [0x0000000604800000, 0x0000000800000000)
  region size 4096K, 4 young (16384K), 1 survivors (4096K)
 Metaspace       used 35703K, committed 35968K, reserved 1081344K
  class space    used 3760K, committed 3840K, reserved 1048576K
}
Event: 1.445 GC heap after
{Heap after GC invocations=7 (full 0):
 garbage-first heap   total 57344K, used 10119K [0x0000000604800000, 0x0000000800000000)
  region size 4096K, 1 young (4096K), 1 survivors (4096K)
 Metaspace       used 35703K, committed 35968K, reserved 1081344K
  class space    used 3760K, committed 3840K, reserved 1048576K
}
Event: 1.571 GC heap before
{Heap before GC invocations=8 (full 0):
 garbage-first heap   total 57344K, used 34695K [0x0000000604800000, 0x0000000800000000)
  region size 4096K, 7 young (28672K), 1 survivors (4096K)
 Metaspace       used 39517K, committed 39744K, reserved 1089536K
  class space    used 4239K, committed 4352K, reserved 1048576K
}
Event: 1.574 GC heap after
{Heap after GC invocations=9 (full 0):
 garbage-first heap   total 57344K, used 11221K [0x0000000604800000, 0x0000000800000000)
  region size 4096K, 1 young (4096K), 1 survivors (4096K)
 Metaspace       used 39517K, committed 39744K, reserved 1089536K
  class space    used 4239K, committed 4352K, reserved 1048576K
}
Event: 1.590 GC heap before
{Heap before GC invocations=10 (full 0):
 garbage-first heap   total 57344K, used 31701K [0x0000000604800000, 0x0000000800000000)
  region size 4096K, 6 young (24576K), 1 survivors (4096K)
 Metaspace       used 39519K, committed 39744K, reserved 1089536K
  class space    used 4239K, committed 4352K, reserved 1048576K
}
Event: 1.593 GC heap after
{Heap after GC invocations=11 (full 0):
 garbage-first heap   total 57344K, used 11973K [0x0000000604800000, 0x0000000800000000)
  region size 4096K, 1 young (4096K), 1 survivors (4096K)
 Metaspace       used 39519K, committed 39744K, reserved 1089536K
  class space    used 4239K, committed 4352K, reserved 1048576K
}
Event: 1.813 GC heap before
{Heap before GC invocations=11 (full 0):
 garbage-first heap   total 57344K, used 36549K [0x0000000604800000, 0x0000000800000000)
  region size 4096K, 7 young (28672K), 1 survivors (4096K)
 Metaspace       used 43595K, committed 43840K, reserved 1089536K
  class space    used 4824K, committed 4928K, reserved 1048576K
}
Event: 1.815 GC heap after
{Heap after GC invocations=12 (full 0):
 garbage-first heap   total 290816K, used 13151K [0x0000000604800000, 0x0000000800000000)
  region size 4096K, 1 young (4096K), 1 survivors (4096K)
 Metaspace       used 43595K, committed 43840K, reserved 1089536K
  class space    used 4824K, committed 4928K, reserved 1048576K
}
Event: 3.788 GC heap before
{Heap before GC invocations=12 (full 0):
 garbage-first heap   total 290816K, used 189279K [0x0000000604800000, 0x0000000800000000)
  region size 4096K, 42 young (172032K), 1 survivors (4096K)
 Metaspace       used 58085K, committed 58496K, reserved 1105920K
  class space    used 6458K, committed 6656K, reserved 1048576K
}
Event: 3.813 GC heap after
{Heap after GC invocations=13 (full 0):
 garbage-first heap   total 290816K, used 70894K [0x0000000604800000, 0x0000000800000000)
  region size 4096K, 6 young (24576K), 6 survivors (24576K)
 Metaspace       used 58085K, committed 58496K, reserved 1105920K
  class space    used 6458K, committed 6656K, reserved 1048576K
}

